output test
Starting threads
Waiting for threads
counter = 1000000
2:11
853217:11,11,11,11,11,11,11,11,11,11,11,11,11,11,11,11,11
1897853:11,11,11,11,11,11,11,11,11,11,11,11,11,11,11,11,11
3014852:22,22,22,22,22,22,22,22,22,22,22,22,22,22,22,22,22
3999434:22,22,22,22,22,22,22,22,22,22,22,22,22,22,22,22,22
Time of work: 663

Rabbit Goose Goose Dog Chicken Elephant Rabbit Goose Rabbit Cat 
Time of work: 167

Starting threads
Waiting for threads
t2:0
t1:0
t3:0
t3:1
t2:1
t1:1
t1:2
t3:2
t2:2
t2:3
t1:3
t3:3
t3:4
t2:4
t1:4
t1:5
t3:5
t2:5
t2:6
t1:6
t3:6
t3:7
t2:7
t1:7
t1:8
t3:8
t2:8
t2:9
t1:9
t3:9
t3:10
t2:10
t1:10
t1:11
t3:11
t2:11
t2:12
t1:12
t3:12
t3:13
t2:13
t1:13
t1:14
t3:14
t2:14
t2:15
t1:15
t3:15
t3:16
t2:16
t1:16
t1:17
t3:17
t2:17
t2:18
t1:18
t3:18
t3:19
t2:19
t1:19
t1:20
t3:20
t2:20
t2:21
t3:21
t1:21
t1:22
t2:22
t3:22
t3:23
t1:23
t2:23
t1:24
t3:24
t2:24
t2:25
t1:25
t3:25
t3:26
t2:26
t1:26
t1:27
t3:27
t2:27
t2:28
t1:28
t3:28
t3:29
t2:29
t1:29
t1:30
t3:30
t2:30
t2:31
t1:31
t3:31
t3:32
t2:32
t1:32
t1:33
t3:33
t2:33
t2:34
t1:34
t3:34
t3:35
t2:35
t1:35
t1:36
t3:36
t2:36
t2:37
t1:37
t3:37
t3:38
t2:38
t1:38
t1:39
t3:39
t2:39
t2:40
t1:40
t3:40
t3:41
t2:41
t1:41
t1:42
t2:42
t3:42
t2:43
t1:43
t3:43
t3:44
t2:44
t1:44
t1:45
t3:45
t2:45
t2:46
t1:46
t3:46
t3:47
t2:47
t1:47
t1:48
t3:48
t2:48
t2:49
t1:49
t3:49
t3:50
t2:50
t1:50
t1:51
t3:51
t2:51
t2:52
t1:52
t3:52
t3:53
t2:53
t1:53
t1:54
t3:54
t2:54
t2:55
t1:55
t3:55
t3:56
t2:56
t1:56
t1:57
t3:57
t2:57
t2:58
t1:58
t3:58
t3:59
t2:59
t1:59
t1:60
t3:60
t2:60
t2:61
t1:61
t3:61
t3:62
t2:62
t1:62
t1:63
t3:63
t2:63
t2:64
t1:64
t3:64
t3:65
t2:65
t1:65
t1:66
t3:66
t2:66
t2:67
t1:67
t3:67
t3:68
t2:68
t1:68
t1:69
t3:69
t2:69
t2:70
t1:70
t3:70
t3:71
t2:71
t1:71
t1:72
t3:72
t2:72
t2:73
t1:73
t3:73
t3:74
t2:74
t1:74
t1:75
t3:75
t2:75
t2:76
t1:76
t3:76
t3:77
t2:77
t1:77
t1:78
t3:78
t2:78
t2:79
t1:79
t3:79
t3:80
t2:80
t1:80
t1:81
t3:81
t2:81
t2:82
t1:82
t3:82
t3:83
t2:83
t1:83
t1:84
t3:84
t2:84
t1:85
t2:85
t3:85
t3:86
t1:86
t2:86
t2:87
t3:87
t1:87
t1:88
t2:88
t3:88
t3:89
t2:89
t1:89
t1:90
t3:90
t2:90
t2:91
t1:91
t3:91
t3:92
t2:92
t1:92
t1:93
t3:93
t2:93
t2:94
t1:94
t3:94
t3:95
t2:95
t1:95
t1:96
t3:96
t2:96
t2:97
t1:97
t3:97
t3:98
t2:98
t1:98
t1:99
t3:99
t2:99

Starting threads
Finished
t2:0
t2:1
t2:2
t2:3
t2:4
t2:5
t2:6
t2:7
t2:8
t2:9
t2:10
t2:11
t2:12
t2:13
t2:14
t2:15
t2:16
t2:17
t2:18
t2:19
t2:20
t2:21
t2:22
t2:23
t2:24
t2:25
t2:26
t2:27
t2:28
t2:29
t2:30
t2:31
t2:32
t2:33
t2:34
t2:35
t2:36
t2:37
t2:38
t2:39
t2:40
t2:41
t2:42
t2:43
t2:44
t2:45
t2:46
t2:47
t2:48
t2:49
t2:50
t2:51
t2:52
t2:53
t2:54
t2:55
t2:56
t2:57
t2:58
t2:59
t2:60
t2:61
t2:62
t2:63
t2:64
t2:65
t2:66
t2:67
t2:68
t2:69
t2:70
t2:71
t2:72
t2:73
t2:74
t2:75
t2:76
t2:77
t2:78
t2:79
t2:80
t2:81
t2:82
t2:83
t2:84
t2:85
t2:86
t2:87
t2:88
t2:89
t2:90
t2:91
t2:92
t2:93
t2:94
t2:95
t2:96
t2:97
t2:98
t2:99
t1:0
t1:1
t1:2
t1:3
t1:4
t1:5
t1:6
t1:7
t1:8
t1:9
t1:10
t1:11
t1:12
t1:13
t1:14
t1:15
t1:16
t1:17
t1:18
t1:19
t1:20
t1:21
t1:22
t1:23
t1:24
t1:25
t1:26
t1:27
t1:28
t1:29
t1:30
t1:31
t1:32
t1:33
t1:34
t1:35
t1:36
t1:37
t1:38
t1:39
t1:40
t1:41
t1:42
t1:43
t1:44
t1:45
t1:46
t1:47
t1:48
t1:49
t1:50
t1:51
t1:52
t1:53
t1:54
t1:55
t1:56
t1:57
t1:58
t1:59
t1:60
t1:61
t1:62
t1:63
t1:64
t1:65
t1:66
t1:67
t1:68
t1:69
t1:70
t1:71
t1:72
t1:73
t1:74
t1:75
t1:76
t1:77
t1:78
t1:79
t1:80
t1:81
t1:82
t1:83
t1:84
t1:85
t1:86
t1:87
t1:88
t1:89
t1:90
t1:91
t1:92
t1:93
t1:94
t1:95
t1:96
t1:97
t1:98
t1:99

my annotation name = print me!
Field: text, annotation name = my text, annotation value = my text
Field: name, annotation name = my text, annotation value = noname
Address of the object s1: 68326648
Address of the object s2: 68326648
Address of the object s3: 35984028
Address of the object s4: 68326648
Address of the object s3: 541285440
Age: 22
com.luxoft.tutor.module02.SerializableTutor$Person@39ac0c0a
Name from file: John Johnes
Age from file: 0
City from file: New York
Appartment from file: 10
Age: 22
com.luxoft.tutor.module02.SerializableTutor$Person@3403e2ac
Name from file: John Johnes
Age from file: 0
Starting threads
Finished
t2:0
t2:1
t2:2
t2:3
t2:4
t2:5
t2:6
t2:7
t2:8
t2:9
t2:10
t2:11
t2:12
t2:13
t2:14
t2:15
t2:16
t2:17
t2:18
t2:19
t2:20
t2:21
t2:22
t2:23
t2:24
t2:25
t2:26
t2:27
t2:28
t1:0
t2:29
t2:30
t1:1
t2:31
t1:2
t2:32
t1:3
t2:33
t1:4
t2:34
t1:5
t2:35
t1:6
t1:7
t2:36
t1:8
t2:37
t1:9
t2:38
t1:10
t2:39
t2:40
t2:41
t1:11
t2:42
t1:12
t2:43
t1:13
t2:44
t1:14
t2:45
t1:15
t2:46
t1:16
t2:47
t1:17
t2:48
t1:18
t2:49
t1:19
t2:50
t1:20
t2:51
t1:21
t2:52
t1:22
t2:53
t1:23
t2:54
t1:24
t2:55
t1:25
t2:56
t1:26
t2:57
t1:27
t2:58
t1:28
t2:59
t1:29
t2:60
t1:30
t2:61
t1:31
t2:62
t1:32
t2:63
t1:33
t2:64
t1:34
t1:35
t1:36
t1:37
t1:38
t1:39
t1:40
t1:41
t2:65
t1:42
t2:66
t1:43
t2:67
t1:44
t2:68
t1:45
t2:69
t1:46
t2:70
t1:47
t2:71
t1:48
t2:72
t1:49
t1:50
t2:73
t1:51
t2:74
t2:75
t1:52
t2:76
t2:77
t2:78
t2:79
t2:80
t2:81
t2:82
t2:83
t2:84
t2:85
t2:86
t2:87
t2:88
t2:89
t2:90
t1:53
t1:54
t2:91
t1:55
t2:92
t1:56
t2:93
t1:57
t2:94
t1:58
t1:59
t2:95
t1:60
t2:96
t1:61
t2:97
t1:62
t2:98
t1:63
t2:99
t1:64
t1:65
t1:66
t1:67
t1:68
t1:69
t1:70
t1:71
t1:72
t1:73
t1:74
t1:75
t1:76
t1:77
t1:78
t1:79
t1:80
t1:81
t1:82
t1:83
t1:84
t1:85
t1:86
t1:87
t1:88
t1:89
t1:90
t1:91
t1:92
t1:93
t1:94
t1:95
t1:96
t1:97
t1:98
t1:99

Starting threads...
Waiting threads to join...
t2:0
t1:0
t2:1
t1:1
t2:2
t1:2
t2:3
t1:3
t2:4
t1:4
t2:5
t1:5
t2:6
t1:6
t2:7
t1:7
t2:8
t1:8
t2:9
t1:9
t2:10
t1:10
t2:11
t1:11
t2:12
t1:12
t2:13
t1:13
t2:14
t1:14
t2:15
t1:15
t2:16
t1:16
t2:17
t1:17
t2:18
t1:18
t2:19
t1:19
t2:20
t1:20
t2:21
t1:21
t2:22
t1:22
t2:23
t1:23
t2:24
t1:24
t2:25
t1:25
t2:26
t1:26
t2:27
t1:27
t2:28
t1:28
t2:29
t1:29
t2:30
t1:30
t2:31
t1:31
t2:32
t1:32
t2:33
t1:33
t2:34
t1:34
t2:35
t1:35
t2:36
t1:36
t2:37
t1:37
t2:38
t1:38
t2:39
t1:39
t2:40
t1:40
t2:41
t1:41
t2:42
t1:42
t2:43
t1:43
t2:44
t1:44
t2:45
t1:45
t2:46
t1:46
t2:47
t1:47
t2:48
t1:48
t2:49
t1:49
t2:50
t1:50
t2:51
t1:51
t2:52
t1:52
t2:53
t1:53
t2:54
t1:54
t2:55
t1:55
t2:56
t1:56
t2:57
t1:57
t2:58
t1:58
t2:59
t1:59
t2:60
t1:60
t2:61
t1:61
t2:62
t1:62
t2:63
t1:63
t2:64
t1:64
t2:65
t1:65
t2:66
t1:66
t2:67
t1:67
t2:68
t1:68
t2:69
t1:69
t2:70
t1:70
t2:71
t1:71
t2:72
t1:72
t2:73
t1:73
t2:74
t1:74
t2:75
t1:75
t2:76
t1:76
t2:77
t1:77
t2:78
t1:78
t2:79
t1:79
t2:80
t1:80
t2:81
t1:81
t2:82
t1:82
t2:83
t1:83
t2:84
t1:84
t2:85
t1:85
t2:86
t1:86
t2:87
t1:87
t2:88
t1:88
t2:89
t1:89
t2:90
t1:90
t2:91
t1:91
t2:92
t1:92
t2:93
t1:93
t2:94
t1:94
t2:95
t1:95
t2:96
t1:96
t2:97
t1:97
t2:98
t1:98
t2:99
t1:99
t2:100
t1:100
t2:101
t1:101
t2:102
t1:102
t2:103
t1:103
t2:104
t1:104
t2:105
t1:105
t2:106
t1:106
t2:107
t1:107
t2:108
t1:108
t2:109
t1:109
t2:110
t1:110
t2:111
t1:111
t2:112
t1:112
t2:113
t1:113
t2:114
t1:114
t2:115
t1:115
t2:116
t1:116
t2:117
t1:117
t2:118
t1:118
t2:119
t1:119
t2:120
t1:120
t2:121
t1:121
t2:122
t1:122
t2:123
t1:123
t2:124
t1:124
t2:125
t1:125
t2:126
t1:126
t2:127
t1:127
t2:128
t1:128
t2:129
t1:129
t2:130
t1:130
t2:131
t1:131
t2:132
t1:132
t2:133
t1:133
t2:134
t1:134
t2:135
t1:135
t2:136
t1:136
t2:137
t1:137
t2:138
t1:138
t2:139
t1:139
t2:140
t1:140
t2:141
t1:141
t2:142
t1:142
t2:143
t1:143
t2:144
t1:144
t2:145
t1:145
t2:146
t1:146
t2:147
t1:147
t2:148
t1:148
t2:149
t1:149
t2:150
t1:150
t2:151
t1:151
t2:152
t1:152
t2:153
t1:153
t2:154
t1:154
t2:155
t1:155
t2:156
t1:156
t2:157
t1:157
t2:158
t1:158
t2:159
t1:159
t2:160
t1:160
t2:161
t1:161
t2:162
t1:162
t2:163
t1:163
t2:164
t1:164
t2:165
t1:165
t2:166
t1:166
t2:167
t1:167
t2:168
t1:168
t2:169
t1:169
t2:170
t1:170
t2:171
t1:171
t2:172
t1:172
t2:173
t1:173
t2:174
t1:174
t2:175
t1:175
t2:176
t1:176
t2:177
t1:177
t2:178
t1:178
t2:179
t1:179
t2:180
t1:180
t2:181
t1:181
t2:182
t1:182
t2:183
t1:183
t2:184
t1:184
t2:185
t1:185
t2:186
t1:186
t2:187
t1:187
t2:188
t1:188
t2:189
t1:189
t2:190
t1:190
t2:191
t1:191
t2:192
t1:192
t2:193
t1:193
t2:194
t1:194
t2:195
t1:195
t2:196
t1:196
t2:197
t1:197
t2:198
t1:198
t2:199
t1:199
t2:200
t1:200
t2:201
t1:201
t2:202
t1:202
t2:203
t1:203
t2:204
t1:204
t2:205
t1:205
t2:206
t1:206
t2:207
t1:207
t2:208
t1:208
t2:209
t1:209
t2:210
t1:210
t2:211
t1:211
t2:212
t1:212
t2:213
t1:213
t2:214
t1:214
t2:215
t1:215
t2:216
t1:216
t2:217
t1:217
t2:218
t1:218
t2:219
t1:219
t2:220
t1:220
t2:221
t1:221
t2:222
t1:222
t2:223
t1:223
t2:224
t1:224
t2:225
t1:225
t2:226
t1:226
t2:227
t1:227
t2:228
t1:228
t2:229
t1:229
t2:230
t1:230
t2:231
t1:231
t2:232
t1:232
t2:233
t1:233
t2:234
t1:234
t2:235
t1:235
t2:236
t1:236
t2:237
t1:237
t2:238
t1:238
t2:239
t1:239
t2:240
t1:240
t2:241
t1:241
t2:242
t1:242
t2:243
t1:243
t2:244
t1:244
t2:245
t1:245
t2:246
t1:246
t2:247
t1:247
t2:248
t1:248
t2:249
t1:249
t2:250
t1:250
t2:251
t1:251
t2:252
t1:252
t2:253
t1:253
t2:254
t1:254
t2:255
t1:255
t2:256
t1:256
t2:257
t1:257
t2:258
t1:258
t2:259
t1:259
t2:260
t1:260
t2:261
t1:261
t2:262
t1:262
t2:263
t1:263
t2:264
t1:264
t2:265
t1:265
t2:266
t1:266
t2:267
t1:267
t2:268
t1:268
t2:269
t1:269
t2:270
t1:270
t2:271
t1:271
t2:272
t1:272
t2:273
t1:273
t2:274
t1:274
t2:275
t1:275
t2:276
t1:276
t2:277
t1:277
t2:278
t1:278
t2:279
t1:279
t2:280
t1:280
t2:281
t1:281
t2:282
t1:282
t2:283
t1:283
t2:284
t1:284
t2:285
t1:285
t2:286
t1:286
t2:287
t1:287
t2:288
t1:288
t2:289
t1:289
t2:290
t1:290
t2:291
t1:291
t2:292
t1:292
t2:293
t1:293
t2:294
t1:294
t2:295
t1:295
t2:296
t1:296
t2:297
t1:297
t2:298
t1:298
t2:299
t1:299
t2:300
t1:300
t2:301
t1:301
t2:302
t1:302
t2:303
t1:303
t2:304
t1:304
t2:305
t1:305
t2:306
t1:306
t2:307
t1:307
t2:308
t1:308
t2:309
t1:309
t2:310
t1:310
t2:311
t1:311
t2:312
t1:312
t2:313
t1:313
t2:314
t1:314
t2:315
t1:315
t2:316
t1:316
t2:317
t1:317
t2:318
t1:318
t2:319
t1:319
t2:320
t1:320
t2:321
t1:321
t2:322
t1:322
t2:323
t1:323
t2:324
t1:324
t2:325
t1:325
t2:326
t1:326
t2:327
t1:327
t2:328
t1:328
t2:329
t1:329
t2:330
t1:330
t2:331
t1:331
t2:332
t1:332
t2:333
t1:333
t2:334
t1:334
t2:335
t1:335
t2:336
t1:336
t2:337
t1:337
t2:338
t1:338
t2:339
t1:339
t2:340
t1:340
t2:341
t1:341
t2:342
t1:342
t2:343
t1:343
t2:344
t1:344
t2:345
t1:345
t2:346
t1:346
t2:347
t1:347
t2:348
t1:348
t2:349
t1:349
t2:350
t1:350
t2:351
t1:351
t2:352
t1:352
t2:353
t1:353
t2:354
t1:354
t2:355
t1:355
t2:356
t1:356
t2:357
t1:357
t2:358
t1:358
t2:359
t1:359
t2:360
t1:360
t2:361
t1:361
t2:362
t1:362
t2:363
t1:363
t2:364
t1:364
t2:365
t1:365
t2:366
t1:366
t2:367
t1:367
t2:368
t1:368
t2:369
t1:369
t2:370
t1:370
t2:371
t1:371
t2:372
t1:372
t2:373
t1:373
t2:374
t1:374
t2:375
t1:375
t2:376
t1:376
t2:377
t1:377
t2:378
t1:378
t2:379
t1:379
t2:380
t1:380
t2:381
t1:381
t2:382
t1:382
t2:383
t1:383
t2:384
t1:384
t2:385
t1:385
t2:386
t1:386
t2:387
t1:387
t2:388
t1:388
t2:389
t1:389
t2:390
t1:390
t2:391
t1:391
t2:392
t1:392
t2:393
t1:393
t2:394
t1:394
t2:395
t1:395
t2:396
t1:396
t2:397
t1:397
t2:398
t1:398
t2:399
t1:399
t2:400
t1:400
t2:401
t1:401
t2:402
t1:402
t2:403
t1:403
t2:404
t1:404
t2:405
t1:405
t2:406
t1:406
t2:407
t1:407
t2:408
t1:408
t2:409
t1:409
t2:410
t1:410
t2:411
t1:411
t2:412
t1:412
t2:413
t1:413
t1:414
t2:414
t1:415
t2:415
t1:416
t2:416
t1:417
t2:417
t1:418
t2:418
t1:419
t2:419
t1:420
t2:420
t1:421
t2:421
t1:422
t2:422
t2:423
t1:423
t1:424
t2:424
t1:425
t2:425
t1:426
t2:426
t1:427
t2:427
t1:428
t2:428
t1:429
t2:429
t1:430
t2:430
t1:431
t2:431
t1:432
t2:432
t1:433
t2:433
t1:434
t2:434
t1:435
t2:435
t1:436
t2:436
t1:437
t2:437
t1:438
t2:438
t1:439
t2:439
t1:440
t2:440
t1:441
t2:441
t1:442
t2:442
t1:443
t2:443
t1:444
t2:444
t1:445
t2:445
t1:446
t2:446
t1:447
t2:447
t1:448
t2:448
t1:449
t2:449
t1:450
t2:450
t1:451
t2:451
t1:452
t2:452
t1:453
t2:453
t1:454
t2:454
t1:455
t2:455
t1:456
t2:456
t1:457
t2:457
t1:458
t2:458
t1:459
t2:459
t1:460
t2:460
t1:461
t2:461
t1:462
t2:462
t1:463
t2:463
t1:464
t2:464
t1:465
t2:465
t1:466
t2:466
t1:467
t2:467
t1:468
t2:468
t1:469
t2:469
t1:470
t2:470
t1:471
t2:471
t1:472
t2:472
t1:473
t2:473
t1:474
t2:474
t1:475
t2:475
t1:476
t2:476
t1:477
t2:477
t1:478
t2:478
t1:479
t2:479
t1:480
t2:480
t1:481
t2:481
t1:482
t2:482
t1:483
t2:483
t1:484
t2:484
t1:485
t2:485
t1:486
t2:486
t1:487
t2:487
t1:488
t2:488
t1:489
t2:489
t1:490
t2:490
t1:491
t2:491
t1:492
t2:492
t1:493
t2:493
t1:494
t2:494
t1:495
t2:495
t1:496
t2:496
t1:497
t2:497
t1:498
t2:498
t1:499
t2:499
t1:500
t2:500
t1:501
t2:501
t1:502
t2:502
t1:503
t2:503
t1:504
t2:504
t1:505
t2:505
t1:506
t2:506
t1:507
t2:507
t1:508
t2:508
t1:509
t2:509
t1:510
t2:510
t1:511
t2:511
t1:512
t2:512
t1:513
t2:513
t1:514
t2:514
t1:515
t2:515
t1:516
t2:516
t1:517
t2:517
t1:518
t2:518
t1:519
t2:519
t1:520
t2:520
t1:521
t2:521
t1:522
t2:522
t1:523
t2:523
t1:524
t2:524
t1:525
t2:525
t1:526
t2:526
t1:527
t2:527
t1:528
t2:528
t1:529
t2:529
t1:530
t2:530
t1:531
t2:531
t1:532
t2:532
t1:533
t2:533
t1:534
t2:534
t1:535
t2:535
t1:536
t2:536
t1:537
t2:537
t1:538
t2:538
t1:539
t2:539
t1:540
t2:540
t1:541
t2:541
t1:542
t2:542
t1:543
t2:543
t1:544
t2:544
t1:545
t2:545
t1:546
t2:546
t1:547
t2:547
t1:548
t2:548
t1:549
t2:549
t1:550
t2:550
t1:551
t2:551
t1:552
t2:552
t1:553
t2:553
t1:554
t2:554
t1:555
t2:555
t1:556
t2:556
t1:557
t2:557
t1:558
t2:558
t1:559
t2:559
t1:560
t2:560
t1:561
t2:561
t1:562
t2:562
t1:563
t2:563
t1:564
t2:564
t1:565
t2:565
t1:566
t2:566
t1:567
t2:567
t1:568
t2:568
t1:569
t2:569
t1:570
t2:570
t1:571
t2:571
t1:572
t2:572
t1:573
t2:573
t1:574
t2:574
t1:575
t2:575
t1:576
t2:576
t1:577
t2:577
t1:578
t2:578
t1:579
t2:579
t1:580
t2:580
t1:581
t2:581
t1:582
t2:582
t1:583
t2:583
t1:584
t2:584
t1:585
t2:585
t1:586
t2:586
t1:587
t2:587
t1:588
t2:588
t1:589
t2:589
t1:590
t2:590
t1:591
t2:591
t1:592
t2:592
t1:593
t2:593
t1:594
t2:594
t1:595
t2:595
t1:596
t2:596
t1:597
t2:597
t1:598
t2:598
t1:599
t2:599
t1:600
t2:600
t1:601
t2:601
t1:602
t2:602
t1:603
t2:603
t1:604
t2:604
t1:605
t2:605
t1:606
t2:606
t1:607
t2:607
t1:608
t2:608
t1:609
t2:609
t1:610
t2:610
t1:611
t2:611
t1:612
t2:612
t1:613
t2:613
t1:614
t2:614
t1:615
t2:615
t1:616
t2:616
t1:617
t2:617
t1:618
t2:618
t1:619
t2:619
t1:620
t2:620
t1:621
t2:621
t1:622
t2:622
t1:623
t2:623
t1:624
t2:624
t1:625
t2:625
t1:626
t2:626
t1:627
t2:627
t1:628
t2:628
t1:629
t2:629
t1:630
t2:630
t1:631
t2:631
t1:632
t2:632
t1:633
t2:633
t1:634
t2:634
t1:635
t2:635
t1:636
t2:636
t1:637
t2:637
t1:638
t2:638
t1:639
t2:639
t1:640
t2:640
t1:641
t2:641
t1:642
t2:642
t1:643
t2:643
t1:644
t2:644
t1:645
t2:645
t1:646
t2:646
t1:647
t2:647
t1:648
t2:648
t1:649
t2:649
t1:650
t2:650
t1:651
t2:651
t1:652
t2:652
t1:653
t2:653
t1:654
t2:654
t1:655
t2:655
t1:656
t2:656
t1:657
t2:657
t1:658
t2:658
t1:659
t2:659
t1:660
t2:660
t1:661
t2:661
t1:662
t2:662
t1:663
t2:663
t1:664
t2:664
t1:665
t2:665
t1:666
t2:666
t1:667
t2:667
t1:668
t2:668
t1:669
t2:669
t1:670
t2:670
t1:671
t2:671
t1:672
t2:672
t1:673
t2:673
t1:674
t2:674
t1:675
t2:675
t1:676
t2:676
t1:677
t2:677
t1:678
t2:678
t1:679
t2:679
t1:680
t2:680
t1:681
t2:681
t1:682
t2:682
t1:683
t2:683
t1:684
t2:684
t1:685
t2:685
t1:686
t2:686
t1:687
t2:687
t1:688
t2:688
t1:689
t2:689
t1:690
t2:690
t1:691
t2:691
t1:692
t2:692
t1:693
t2:693
t1:694
t2:694
t1:695
t2:695
t1:696
t2:696
t1:697
t2:697
t1:698
t2:698
t1:699
t2:699
t1:700
t2:700
t1:701
t2:701
t1:702
t2:702
t1:703
t2:703
t1:704
t2:704
t1:705
t2:705
t1:706
t2:706
t1:707
t2:707
t1:708
t2:708
t1:709
t2:709
t1:710
t2:710
t1:711
t2:711
t1:712
t2:712
t1:713
t2:713
t1:714
t2:714
t1:715
t2:715
t1:716
t2:716
t1:717
t2:717
t1:718
t2:718
t1:719
t2:719
t1:720
t2:720
t1:721
t2:721
t1:722
t2:722
t1:723
t2:723
t1:724
t2:724
t1:725
t2:725
t1:726
t2:726
t1:727
t2:727
t1:728
t2:728
t1:729
t2:729
t1:730
t2:730
t1:731
t2:731
t1:732
t2:732
t1:733
t2:733
t1:734
t2:734
t1:735
t2:735
t1:736
t2:736
t1:737
t2:737
t1:738
t2:738
t1:739
t2:739
t1:740
t2:740
t1:741
t2:741
t1:742
t2:742
t1:743
t2:743
t1:744
t2:744
t1:745
t2:745
t1:746
t2:746
t1:747
t2:747
t1:748
t2:748
t1:749
t2:749
t1:750
t2:750
t1:751
t2:751
t1:752
t2:752
t1:753
t2:753
t1:754
t2:754
t1:755
t2:755
t1:756
t2:756
t1:757
t2:757
t1:758
t2:758
t1:759
t2:759
t1:760
t2:760
t1:761
t2:761
t1:762
t2:762
t1:763
t2:763
t1:764
t2:764
t1:765
t2:765
t1:766
t2:766
t1:767
t2:767
t1:768
t2:768
t1:769
t2:769
t1:770
t2:770
t1:771
t2:771
t1:772
t2:772
t1:773
t2:773
t1:774
t2:774
t1:775
t2:775
t1:776
t2:776
t1:777
t2:777
t1:778
t2:778
t1:779
t2:779
t1:780
t2:780
t1:781
t2:781
t1:782
t2:782
t1:783
t2:783
t1:784
t2:784
t1:785
t2:785
t1:786
t2:786
t1:787
t2:787
t1:788
t2:788
t1:789
t2:789
t1:790
t2:790
t1:791
t2:791
t1:792
t2:792
t1:793
t2:793
t1:794
t2:794
t1:795
t2:795
t1:796
t2:796
t1:797
t2:797
t1:798
t2:798
t1:799
t2:799
t1:800
t2:800
t1:801
t2:801
t1:802
t2:802
t1:803
t2:803
t1:804
t2:804
t1:805
t2:805
t1:806
t2:806
t1:807
t2:807
t1:808
t2:808
t1:809
t2:809
t1:810
t2:810
t1:811
t2:811
t1:812
t2:812
t1:813
t2:813
t1:814
t2:814
t1:815
t2:815
t1:816
t2:816
t1:817
t2:817
t1:818
t2:818
t1:819
t2:819
t1:820
t2:820
t1:821
t2:821
t1:822
t2:822
t1:823
t2:823
t1:824
t2:824
t1:825
t2:825
t1:826
t2:826
t1:827
t2:827
t1:828
t2:828
t1:829
t2:829
t1:830
t2:830
t1:831
t2:831
t1:832
t2:832
t1:833
t2:833
t1:834
t2:834
t1:835
t2:835
t1:836
t2:836
t1:837
t2:837
t1:838
t2:838
t1:839
t2:839
t1:840
t2:840
t1:841
t2:841
t1:842
t2:842
t1:843
t2:843
t1:844
TERMINATED t2!
t1:845
Interrupting thread t1...
INTERRUPTED EXCEPTION OCCURED!..

=== testConvertNumbers() ===
=== Convert string 123 to Number ===
Byte: 123
Short: 123
Integer: 123
Long: 123
Float: 123.0
Double: 123.0
=== Convert string -123 to Number ===
Byte: -123
Short: -123
Integer: -123
Long: -123
Float: -123.0
Double: -123.0
=== Convert string 12345678987654321 to Number ===
Exception Format: 12345678987654321
Exception Format: 12345678987654321
Exception Format: 12345678987654321
Long: 12345678987654321
Float: 1.23456795E16
Double: 1.234567898765432E16
=== Convert string 1.11f to Number ===
Exception Format: 1.11f
Exception Format: 1.11f
Exception Format: 1.11f
Exception Format: 1.11f
Float: 1.11
Double: 1.11
=== Convert string 1.1111111111 to Number ===
Exception Format: 1.1111111111
Exception Format: 1.1111111111
Exception Format: 1.1111111111
Exception Format: 1.1111111111
Float: 1.1111112
Double: 1.1111111111
Starting threads...
Waiting threads to join...
t2:0
t1:0
t1:1
t2:1
t1:2
t2:2
t2:3
t1:3
t1:4
t2:4
t1:5
t2:5
t1:6
t2:6
t1:7
t2:7
t1:8
t2:8
t1:9
t2:9
t1:10
t2:10
t1:11
t2:11
t1:12
t2:12
t1:13
t2:13
t1:14
t2:14
t1:15
t2:15
t1:16
t2:16
t1:17
t2:17
t1:18
t2:18
t1:19
t2:19
t1:20
t2:20
t1:21
t2:21
t1:22
t2:22
t1:23
t2:23
t1:24
t2:24
t1:25
t2:25
t1:26
t2:26
t1:27
t2:27
t1:28
t2:28
t1:29
t2:29
t1:30
t2:30
t1:31
t2:31
t1:32
t2:32
t1:33
t2:33
t1:34
t2:34
t1:35
t2:35
t1:36
t2:36
t1:37
t2:37
t1:38
t2:38
t1:39
t2:39
t1:40
t2:40
t1:41
t2:41
t1:42
t2:42
t1:43
t2:43
t1:44
t2:44
t1:45
t2:45
t1:46
t2:46
t1:47
t2:47
t1:48
t2:48
t1:49
t2:49
t1:50
t2:50
t1:51
t2:51
t1:52
t2:52
t1:53
t2:53
t1:54
t2:54
t1:55
t2:55
t1:56
t2:56
t1:57
t2:57
t1:58
t2:58
t1:59
t2:59
t1:60
t2:60
t1:61
t2:61
t1:62
t1:63
t2:62
t2:63
t1:64
t2:64
t1:65
t2:65
t1:66
t2:66
t1:67
t2:67
t1:68
t2:68
t1:69
t2:69
t1:70
t2:70
t1:71
t2:71
t1:72
t2:72
t1:73
t2:73
t1:74
t2:74
t1:75
t2:75
t1:76
t2:76
t1:77
t2:77
t1:78
t2:78
t1:79
t2:79
t1:80
t2:80
t1:81
t2:81
t1:82
t2:82
t1:83
t2:83
t1:84
t2:84
t1:85
t2:85
t1:86
t2:86
t1:87
t2:87
t1:88
t2:88
t1:89
t2:89
t1:90
t2:90
t1:91
t2:91
t1:92
t2:92
t1:93
t2:93
t1:94
t2:94
t1:95
t2:95
t1:96
t2:96
t1:97
t2:97
t1:98
t2:98
t1:99
t2:99
t1:100
t2:100
t1:101
t2:101
t1:102
t2:102
t1:103
t2:103
t1:104
t2:104
t1:105
t2:105
t1:106
t2:106
t1:107
t2:107
t1:108
t2:108
t1:109
t2:109
t1:110
t2:110
t1:111
t2:111
t1:112
t2:112
t1:113
t2:113
t1:114
t2:114
t1:115
t2:115
t1:116
t2:116
t1:117
t2:117
t1:118
t2:118
t1:119
t2:119
t1:120
t2:120
t1:121
t2:121
t1:122
t2:122
t1:123
t2:123
t1:124
t2:124
t1:125
t2:125
t1:126
t1:127
t2:126
t2:127
t1:128
t2:128
t1:129
t2:129
t1:130
t2:130
t1:131
t2:131
t1:132
t2:132
t1:133
t2:133
t1:134
t2:134
t1:135
t2:135
t1:136
t2:136
t1:137
t2:137
t1:138
t2:138
t1:139
t2:139
t1:140
t2:140
t1:141
t2:141
t1:142
t2:142
t1:143
t2:143
t1:144
t2:144
t1:145
t2:145
t1:146
t2:146
t1:147
t2:147
t1:148
t2:148
t1:149
t2:149
t1:150
t2:150
t1:151
t2:151
t1:152
t2:152
t1:153
t2:153
t1:154
t2:154
t1:155
t2:155
t1:156
t2:156
t1:157
t2:157
t1:158
t2:158
t1:159
t2:159
t1:160
t2:160
t1:161
t2:161
t1:162
t2:162
t1:163
t2:163
t1:164
t2:164
t1:165
t2:165
t1:166
t2:166
t1:167
t2:167
t1:168
t2:168
t1:169
t2:169
t1:170
t2:170
t1:171
t2:171
t1:172
t2:172
t1:173
t2:173
t1:174
t2:174
t1:175
t2:175
t1:176
t2:176
t1:177
t2:177
t1:178
t2:178
t1:179
t2:179
t1:180
t2:180
t1:181
t2:181
t1:182
t2:182
t1:183
t2:183
t1:184
t2:184
t1:185
t2:185
t1:186
t2:186
t1:187
t2:187
t1:188
t2:188
t1:189
t2:189
t1:190
t2:190
t1:191
t2:191
t1:192
t2:192
t1:193
t2:193
t1:194
t2:194
t1:195
t2:195
t1:196
t2:196
t1:197
t2:197
t1:198
t2:198
t1:199
t2:199
t1:200
t2:200
t1:201
t2:201
t1:202
t2:202
t1:203
t2:203
t1:204
t2:204
t1:205
t2:205
t1:206
t2:206
t1:207
t2:207
t1:208
t2:208
t1:209
t2:209
t1:210
t2:210
t1:211
t2:211
t1:212
t2:212
t1:213
t2:213
t1:214
t2:214
t1:215
t2:215
t1:216
t2:216
t1:217
t2:217
t1:218
t2:218
t1:219
t2:219
t1:220
t2:220
t1:221
t2:221
t1:222
t2:222
t1:223
t2:223
t1:224
t2:224
t1:225
t2:225
t1:226
t2:226
t1:227
t2:227
t1:228
t2:228
t1:229
t2:229
t1:230
t2:230
t1:231
t2:231
t1:232
t2:232
t1:233
t2:233
t1:234
t2:234
t1:235
t2:235
t1:236
t2:236
t1:237
t2:237
t1:238
t2:238
t1:239
t2:239
t1:240
t2:240
t1:241
t2:241
t1:242
t2:242
t1:243
t2:243
t1:244
t2:244
t1:245
t2:245
t1:246
t2:246
t1:247
t2:247
t1:248
t2:248
t1:249
t2:249
t1:250
t2:250
t1:251
t2:251
t1:252
t2:252
t1:253
t2:253
t1:254
t2:254
t1:255
t2:255
t1:256
t2:256
t1:257
t2:257
t1:258
t2:258
t1:259
t2:259
t1:260
t2:260
t1:261
t2:261
t1:262
t2:262
t1:263
t2:263
t1:264
t2:264
t1:265
t2:265
t1:266
t2:266
t1:267
t2:267
t1:268
t2:268
t1:269
t2:269
t1:270
t2:270
t1:271
t2:271
t1:272
t2:272
t1:273
t2:273
t1:274
t2:274
t1:275
t2:275
t1:276
t2:276
t1:277
t2:277
t1:278
t2:278
t1:279
t2:279
t1:280
t2:280
t1:281
t2:281
t1:282
TERMINATED t2!
t1:283
wait for thread t2, waiting cycle:1
wait for thread t2, waiting cycle:2
wait for thread t2, waiting cycle:3
wait for thread t2, waiting cycle:4
wait for thread t2, waiting cycle:5
wait for thread t2, waiting cycle:6
wait for thread t2, waiting cycle:7
wait for thread t2, waiting cycle:8
wait for thread t2, waiting cycle:9
wait for thread t2, waiting cycle:10
EXIT from t1: too long waiting...

country=Australia
color=red
11.22
== print the resulting list
Cow Goose Cat Dog Elephant Rabbit Snake Chicken Horse Human 
== print the shuffled list
Cat Goose Snake Human Cow Elephant Horse Chicken Dog Rabbit 
== print the sorted list (used natural ordering)
Cat Chicken Cow Dog Elephant Goose Horse Human Rabbit Snake 
== binary Search of Elephant after sorting: 4
== print the reversed list
Snake Rabbit Human Horse Goose Elephant Dog Cow Chicken Cat 
== binary Search of Elephant without sorting: -1
== print the sorted by length list of word
Dog Cow Cat Snake Human Horse Goose Rabbit Chicken Elephant 
== max (used natural ordering): Snake
== min (used natural ordering): Cat
== frequency of Cow: 1
== frequency of Human: 1
== replace Cow to Pig: 
Dog Pig Cat Snake Human Horse Goose Rabbit Chicken Elephant 
== swap: swap first and last values: 
Elephant Pig Cat Snake Human Horse Goose Rabbit Chicken Dog 
== rotate: rotate by 2: 
Chicken Dog Elephant Pig Cat Snake Human Horse Goose Rabbit 
== indexOfSubList: look for sublist in the list 
Snake Human 
sublist position: 5
== fill: fill list with the same values: 
. . . . . . . . . . 
Starting threads
Waiting for threads
t2#0
t1#0
t1#1
t2#1
t1#2
t2#2
t1#3
t2#3
t1#4
t2#4
t1#5
t2#5
t1#6
t2#6
t2#7
t1#7
t1#8
t2#8
t2#9
t1#9
t2#10
t1#10
t2#11
t1#11
t2#12
t1#12
t1#13
t2#13
t1#14
t2#14
t1#15
t2#15
t1#16
t2#16
t1#17
t2#17
t1#18
t2#18
t1#19
t2#19
t2#20
t1#20
t1#21
t2#21
t2#22
t1#22
t1#23
t2#23
t2#24
t1#24
t1#25
t2#25
t1#26
t2#26
t2#27
t1#27
t2#28
t1#28
t2#29
t1#29
t2#30
t1#30
t2#31
t1#31
t1#32
t2#32
t2#33
t1#33
t1#34
t2#34
t2#35
t1#35
t1#36
t2#36
t2#37
t1#37
t1#38
t2#38
t1#39
t2#39
t1#40
t2#40
t1#41
t2#41
t2#42
t1#42
t2#43
t1#43
t2#44
t1#44
t2#45
t1#45
t1#46
t2#46
t2#47
t1#47
t1#48
t2#48
t1#49
t2#49
t1#50
t2#50
t1#51
t2#51
t1#52
t2#52
t1#53
t2#53
t2#54
t1#54
t1#55
t2#55
t2#56
t1#56
t1#57
t2#57
t2#58
t1#58
t1#59
t2#59
t2#60
t1#60
t1#61
t2#61
t2#62
t1#62
t1#63
t2#63
t2#64
t1#64
t2#65
t1#65
t2#66
t1#66
t2#67
t1#67
t2#68
t1#68
t2#69
t1#69
t2#70
t1#70
t2#71
t1#71
t2#72
t1#72
t2#73
t1#73
t2#74
t1#74
t2#75
t1#75
t2#76
t1#76
t1#77
t2#77
t2#78
t1#78
t2#79
t1#79
t2#80
t1#80
t2#81
t1#81
t2#82
t1#82
t1#83
t2#83
t2#84
t1#84
t1#85
t2#85
t2#86
t1#86
t2#87
t1#87
t2#88
t1#88
t2#89
t1#89
t2#90
t1#90
t2#91
t1#91
t2#92
t1#92
t2#93
t1#93
t2#94
t1#94
t2#95
t1#95
t2#96
t1#96
t2#97
t1#97
t2#98
t1#98
t2#99
t1#99

461012
461012
 +461012
 461,012
+461,012

3.141593
3.142
     3.142
3.142     
3,1416    

September 16, 2022
12:47 am
09/16/22
3.14
Starting threads...
Waiting threads to join...
t1:0
t1:1
t2:0
wait for thread t2
t2:1
wait for thread t1
t1:2
wait for thread t2
t2:2
wait for thread t1
t1:3
wait for thread t2
t2:3
wait for thread t1
t1:4
wait for thread t2
t2:4
wait for thread t1
t1:5
wait for thread t2
t2:5
wait for thread t1
t1:6
wait for thread t2
t2:6
wait for thread t1
t1:7
wait for thread t2
t2:7
wait for thread t1
t1:8
wait for thread t2
t2:8
wait for thread t1
t1:9
wait for thread t2
t2:9
wait for thread t1
t1:10
wait for thread t2
t2:10
wait for thread t1
t1:11
wait for thread t2
t2:11
wait for thread t1
t1:12
wait for thread t2
t2:12
wait for thread t1
t1:13
wait for thread t2
t2:13
wait for thread t1
t1:14
wait for thread t2
t2:14
wait for thread t1
t1:15
wait for thread t2
t2:15
wait for thread t1
t1:16
wait for thread t2
t2:16
wait for thread t1
t1:17
wait for thread t2
t2:17
wait for thread t1
t1:18
wait for thread t2
t2:18
wait for thread t1
t1:19
wait for thread t2
t2:19
wait for thread t1
t1:20
wait for thread t2
t2:20
wait for thread t1
t1:21
wait for thread t2
t2:21
wait for thread t1
t1:22
wait for thread t2
t2:22
wait for thread t1
t1:23
wait for thread t2
t2:23
wait for thread t1
t1:24
wait for thread t2
t2:24
wait for thread t1
t1:25
wait for thread t2
t2:25
wait for thread t1
t1:26
wait for thread t2
t2:26
wait for thread t1
t1:27
wait for thread t2
t2:27
wait for thread t1
t1:28
wait for thread t2
t2:28
wait for thread t1
t1:29
wait for thread t2
t2:29
wait for thread t1
t1:30
wait for thread t2
t2:30
wait for thread t1
t1:31
wait for thread t2
t2:31
wait for thread t1
t1:32
wait for thread t2
t2:32
wait for thread t1
t1:33
wait for thread t2
t2:33
wait for thread t1
t1:34
wait for thread t2
t2:34
wait for thread t1
t1:35
wait for thread t2
t2:35
wait for thread t1
t1:36
wait for thread t2
t2:36
wait for thread t1
t1:37
wait for thread t2
t2:37
wait for thread t1
t1:38
wait for thread t2
t2:38
wait for thread t1
t1:39
wait for thread t2
t2:39
wait for thread t1
t1:40
wait for thread t2
t2:40
wait for thread t1
t1:41
t2:41
t1:42
t2:42
t1:43
t2:43
t1:44
t2:44
t1:45
t2:45
t1:46
t2:46
t1:47
t2:47
t1:48
t2:48
t1:49
t2:49
t1:50
t2:50
t1:51
t2:51
t1:52
t2:52
t1:53
t2:53
t1:54
t2:54
t1:55
t2:55
t1:56
t2:56
t1:57
t2:57
t1:58
t2:58
t1:59
t2:59
t2:60
wait for thread t1
t1:60
t1:61
t2:61
wait for thread t1
t1:62
t2:62
t1:63
t2:63
t1:64
t2:64
t1:65
t2:65
t1:66
t2:66
t1:67
t2:67
t1:68
t2:68
t1:69
t2:69
t1:70
t2:70
t1:71
t2:71
t1:72
t2:72
t1:73
t2:73
t1:74
t2:74
t1:75
t2:75
t1:76
t2:76
t1:77
t2:77
t1:78
t1:79
t2:78
wait for thread t2
t2:79
wait for thread t1
t1:80
wait for thread t2
t2:80
wait for thread t1
t1:81
wait for thread t2
t2:81
wait for thread t1
t1:82
wait for thread t2
t2:82
wait for thread t1
t1:83
wait for thread t2
t2:83
wait for thread t1
t1:84
wait for thread t2
t2:84
wait for thread t1
t1:85
wait for thread t2
t2:85
wait for thread t1
t1:86
wait for thread t2
t2:86
wait for thread t1
t1:87
wait for thread t2
t2:87
wait for thread t1
t1:88
wait for thread t2
t2:88
wait for thread t1
t1:89
wait for thread t2
t2:89
wait for thread t1
t1:90
wait for thread t2
t2:90
wait for thread t1
t1:91
wait for thread t2
t2:91
wait for thread t1
t1:92
wait for thread t2
t2:92
wait for thread t1
t1:93
wait for thread t2
t2:93
wait for thread t1
t1:94
wait for thread t2
t2:94
wait for thread t1
t1:95
wait for thread t2
t2:95
wait for thread t1
t1:96
wait for thread t2
t2:96
wait for thread t1
t1:97
wait for thread t2
t2:97
wait for thread t1
t1:98
wait for thread t2
t2:98
wait for thread t1
t1:99
wait for thread t2
t2:99
wait for thread t1
t1:100
wait for thread t2
t2:100
wait for thread t1
t1:101
wait for thread t2
t2:101
wait for thread t1
t1:102
wait for thread t2
t2:102
wait for thread t1
t1:103
wait for thread t2
t2:103
wait for thread t1
t1:104
wait for thread t2
t2:104
wait for thread t1
t1:105
wait for thread t2
t2:105
wait for thread t1
t1:106
wait for thread t2
t2:106
wait for thread t1
t1:107
wait for thread t2
t2:107
wait for thread t1
t1:108
wait for thread t2
t2:108
wait for thread t1
t1:109
wait for thread t2
t2:109
wait for thread t1
t1:110
wait for thread t2
t2:110
wait for thread t1
t1:111
wait for thread t2
t2:111
wait for thread t1
t1:112
wait for thread t2
t2:112
wait for thread t1
t1:113
wait for thread t2
t2:113
wait for thread t1
t1:114
wait for thread t2
t2:114
wait for thread t1
t1:115
wait for thread t2
t2:115
wait for thread t1
t1:116
wait for thread t2
t2:116
wait for thread t1
t1:117
wait for thread t2
t2:117
wait for thread t1
t1:118
wait for thread t2
t2:118
wait for thread t1
t1:119
wait for thread t2
t2:119
wait for thread t1
t1:120
wait for thread t2
t2:120
wait for thread t1
t1:121
wait for thread t2
t2:121
wait for thread t1
t1:122
wait for thread t2
t2:122
wait for thread t1
t1:123
wait for thread t2
t2:123
wait for thread t1
t1:124
wait for thread t2
t2:124
wait for thread t1
t1:125
wait for thread t2
t2:125
wait for thread t1
t1:126
wait for thread t2
t2:126
wait for thread t1
t1:127
wait for thread t2
t2:127
wait for thread t1
t1:128
wait for thread t2
t2:128
wait for thread t1
t1:129
wait for thread t2
t2:129
wait for thread t1
t1:130
wait for thread t2
t2:130
wait for thread t1
TERMINATED t1!
TERMINATED t2!

